[0.031s] Invoking command in '/home/user/ros2_ws/build/coordinate_transformer': DEBUGINFOD_URLS=https://debuginfod.ubuntu.com /usr/bin/ctest -C Release -D ExperimentalTest --no-compress-output -V --force-new-ctest-process -R test_coordinate_transformer --rerun-failed --output-on-failure
[0.046s] UpdateCTestConfiguration  from :/home/user/ros2_ws/build/coordinate_transformer/CTestConfiguration.ini
[0.047s] Parse Config file:/home/user/ros2_ws/build/coordinate_transformer/CTestConfiguration.ini
[0.047s]    Site: LT-PROMOBOT-22
[0.047s]    Build name: (empty)
[0.047s]  Add coverage exclude regular expressions.
[0.047s] Create new tag: 20250417-1542 - Experimental
[0.047s] UpdateCTestConfiguration  from :/home/user/ros2_ws/build/coordinate_transformer/CTestConfiguration.ini
[0.047s] Parse Config file:/home/user/ros2_ws/build/coordinate_transformer/CTestConfiguration.ini
[0.048s] Test project /home/user/ros2_ws/build/coordinate_transformer
[0.048s] Constructing a list of tests
[0.048s] Done constructing a list of tests
[0.048s] Updating test list for fixtures
[0.048s] Added 0 tests to meet fixture requirements
[0.048s] Checking test dependency graph...
[0.048s] Checking test dependency graph end
[0.048s] test 1
[0.048s]     Start 1: test_coordinate_transformer
[0.049s] 
[0.049s] 1: Test command: /usr/bin/python3 "-u" "/opt/ros/jazzy/share/ament_cmake_test/cmake/run_test.py" "/home/user/ros2_ws/build/coordinate_transformer/test_results/coordinate_transformer/test_coordinate_transformer.gtest.xml" "--package-name" "coordinate_transformer" "--output-file" "/home/user/ros2_ws/build/coordinate_transformer/ament_cmake_gtest/test_coordinate_transformer.txt" "--command" "/home/user/ros2_ws/build/coordinate_transformer/test_coordinate_transformer" "--gtest_output=xml:/home/user/ros2_ws/build/coordinate_transformer/test_results/coordinate_transformer/test_coordinate_transformer.gtest.xml"
[0.049s] 1: Working Directory: /home/user/ros2_ws/build/coordinate_transformer
[0.049s] 1: Test timeout computed to be: 60
[0.125s] 1: -- run_test.py: invoking following command in '/home/user/ros2_ws/build/coordinate_transformer':
[0.125s] 1:  - /home/user/ros2_ws/build/coordinate_transformer/test_coordinate_transformer --gtest_output=xml:/home/user/ros2_ws/build/coordinate_transformer/test_results/coordinate_transformer/test_coordinate_transformer.gtest.xml
[0.149s] 1: [==========] Running 3 tests from 1 test suite.
[0.149s] 1: [----------] Global test environment set-up.
[0.149s] 1: [----------] 3 tests from CoordinateTransformerTest
[0.149s] 1: [ RUN      ] CoordinateTransformerTest.DirectTransformWithinBounds
[1.172s] 1: [ERROR] [1744904527.847440891] [test_transformer_node]: –û—à–∏–±–∫–∞ –ø—Ä–µ–æ–±—Ä–∞–∑–æ–≤–∞–Ω–∏—è: "frame_b" passed to lookupTransform argument target_frame does not exist. 
[1.173s] 1: /home/user/ros2_ws/src/coordinate_transformer/test/test_coordinate_transformer.cpp:46: Failure
[1.173s] 1: Expected equality of these values:
[1.173s] 1:   status
[1.173s] 1:     Which is: 4-byte object <02-00 00-00>
[1.173s] 1:   ResultStatus::SUCCESS
[1.174s] 1:     Which is: 4-byte object <00-00 00-00>
[1.174s] 1: 
[1.174s] 1: /home/user/ros2_ws/src/coordinate_transformer/test/test_coordinate_transformer.cpp:47: Failure
[1.174s] 1: The difference between output.pose.position.x and 1.0 is 1, which exceeds 1e-6, where
[1.174s] 1: output.pose.position.x evaluates to 0,
[1.174s] 1: 1.0 evaluates to 1, and
[1.175s] 1: 1e-6 evaluates to 9.9999999999999995e-07.
[1.175s] 1: 
[1.175s] 1: /home/user/ros2_ws/src/coordinate_transformer/test/test_coordinate_transformer.cpp:48: Failure
[1.175s] 1: The difference between output.pose.position.y and 2.0 is 2, which exceeds 1e-6, where
[1.175s] 1: output.pose.position.y evaluates to 0,
[1.175s] 1: 2.0 evaluates to 2, and
[1.176s] 1: 1e-6 evaluates to 9.9999999999999995e-07.
[1.176s] 1: 
[1.176s] 1: /home/user/ros2_ws/src/coordinate_transformer/test/test_coordinate_transformer.cpp:49: Failure
[1.176s] 1: The difference between output.pose.position.z and 3.0 is 3, which exceeds 1e-6, where
[1.176s] 1: output.pose.position.z evaluates to 0,
[1.176s] 1: 3.0 evaluates to 3, and
[1.177s] 1: 1e-6 evaluates to 9.9999999999999995e-07.
[1.177s] 1: 
[1.178s] 1: [  FAILED  ] CoordinateTransformerTest.DirectTransformWithinBounds (1029 ms)
[1.178s] 1: [ RUN      ] CoordinateTransformerTest.DirectTransformOutOfBounds
[2.197s] 1: [ERROR] [1744904528.871853986] [test_transformer_node]: –û—à–∏–±–∫–∞ –ø—Ä–µ–æ–±—Ä–∞–∑–æ–≤–∞–Ω–∏—è: "frame_b" passed to lookupTransform argument target_frame does not exist. 
[2.197s] 1: /home/user/ros2_ws/src/coordinate_transformer/test/test_coordinate_transformer.cpp:62: Failure
[2.197s] 1: Expected equality of these values:
[2.197s] 1:   status
[2.197s] 1:     Which is: 4-byte object <02-00 00-00>
[2.198s] 1:   ResultStatus::OUT_OF_BOUNDS
[2.198s] 1:     Which is: 4-byte object <01-00 00-00>
[2.198s] 1: 
[2.201s] 1: [  FAILED  ] CoordinateTransformerTest.DirectTransformOutOfBounds (1022 ms)
[2.201s] 1: [ RUN      ] CoordinateTransformerTest.InverseTransform
[3.211s] 1: [ERROR] [1744904529.886167696] [test_transformer_node]: –û—à–∏–±–∫–∞ –ø—Ä–µ–æ–±—Ä–∞–∑–æ–≤–∞–Ω–∏—è: "frame_b" passed to lookupTransform argument target_frame does not exist. 
[3.211s] 1: /home/user/ros2_ws/src/coordinate_transformer/test/test_coordinate_transformer.cpp:75: Failure
[3.211s] 1: Expected equality of these values:
[3.212s] 1:   s1
[3.212s] 1:     Which is: 4-byte object <02-00 00-00>
[3.212s] 1:   ResultStatus::SUCCESS
[3.212s] 1:     Which is: 4-byte object <00-00 00-00>
[3.212s] 1: 
[3.216s] 1: [  FAILED  ] CoordinateTransformerTest.InverseTransform (1015 ms)
[3.217s] 1: [----------] 3 tests from CoordinateTransformerTest (3067 ms total)
[3.217s] 1: 
[3.217s] 1: [----------] Global test environment tear-down
[3.217s] 1: [==========] 3 tests from 1 test suite ran. (3067 ms total)
[3.217s] 1: [  PASSED  ] 0 tests.
[3.218s] 1: [  FAILED  ] 3 tests, listed below:
[3.218s] 1: [  FAILED  ] CoordinateTransformerTest.DirectTransformWithinBounds
[3.218s] 1: [  FAILED  ] CoordinateTransformerTest.DirectTransformOutOfBounds
[3.218s] 1: [  FAILED  ] CoordinateTransformerTest.InverseTransform
[3.218s] 1: 
[3.218s] 1:  3 FAILED TESTS
[3.324s] 1: -- run_test.py: return code 1
[3.324s] 1: -- run_test.py: inject classname prefix into gtest result file '/home/user/ros2_ws/build/coordinate_transformer/test_results/coordinate_transformer/test_coordinate_transformer.gtest.xml'
[3.324s] 1: -- run_test.py: verify result file '/home/user/ros2_ws/build/coordinate_transformer/test_results/coordinate_transformer/test_coordinate_transformer.gtest.xml'
[3.344s] 1/1 Test #1: test_coordinate_transformer ......***Failed    3.30 sec
[3.345s] 
[3.345s] 0% tests passed[0;0m, [0;31m1 tests failed[0;0m out of 1
[3.345s] 
[3.345s] Label Time Summary:
[3.345s] gtest    =   3.30 sec*proc (1 test)
[3.346s] 
[3.346s] Total Test time (real) =   3.30 sec
[3.346s] 
[3.346s] The following tests FAILED:
[3.346s] 	[0;31m  1 - test_coordinate_transformer (Failed)[0;0m
[3.348s] Errors while running CTest
[3.348s] Output from these tests are in: /home/user/ros2_ws/build/coordinate_transformer/Testing/Temporary/LastTest.log
[3.349s] Use "--rerun-failed --output-on-failure" to re-run the failed cases verbosely.
[3.352s] Invoked command in '/home/user/ros2_ws/build/coordinate_transformer' returned '8': DEBUGINFOD_URLS=https://debuginfod.ubuntu.com /usr/bin/ctest -C Release -D ExperimentalTest --no-compress-output -V --force-new-ctest-process -R test_coordinate_transformer --rerun-failed --output-on-failure
