UpdateCTestConfiguration  from :/home/user/ros2_ws/build/coordinate_transformer/CTestConfiguration.ini
Parse Config file:/home/user/ros2_ws/build/coordinate_transformer/CTestConfiguration.ini
   Site: LT-PROMOBOT-22
   Build name: (empty)
 Add coverage exclude regular expressions.
Create new tag: 20250417-1536 - Experimental
UpdateCTestConfiguration  from :/home/user/ros2_ws/build/coordinate_transformer/CTestConfiguration.ini
Parse Config file:/home/user/ros2_ws/build/coordinate_transformer/CTestConfiguration.ini
Test project /home/user/ros2_ws/build/coordinate_transformer
Constructing a list of tests
Done constructing a list of tests
Updating test list for fixtures
Added 0 tests to meet fixture requirements
Checking test dependency graph...
Checking test dependency graph end
test 1
    Start 1: test_coordinate_transformer

1: Test command: /usr/bin/python3 "-u" "/opt/ros/jazzy/share/ament_cmake_test/cmake/run_test.py" "/home/user/ros2_ws/build/coordinate_transformer/test_results/coordinate_transformer/test_coordinate_transformer.gtest.xml" "--package-name" "coordinate_transformer" "--output-file" "/home/user/ros2_ws/build/coordinate_transformer/ament_cmake_gtest/test_coordinate_transformer.txt" "--command" "/home/user/ros2_ws/build/coordinate_transformer/test_coordinate_transformer" "--gtest_output=xml:/home/user/ros2_ws/build/coordinate_transformer/test_results/coordinate_transformer/test_coordinate_transformer.gtest.xml"
1: Working Directory: /home/user/ros2_ws/build/coordinate_transformer
1: Test timeout computed to be: 60
1: -- run_test.py: invoking following command in '/home/user/ros2_ws/build/coordinate_transformer':
1:  - /home/user/ros2_ws/build/coordinate_transformer/test_coordinate_transformer --gtest_output=xml:/home/user/ros2_ws/build/coordinate_transformer/test_results/coordinate_transformer/test_coordinate_transformer.gtest.xml
1: [==========] Running 3 tests from 1 test suite.
1: [----------] Global test environment set-up.
1: [----------] 3 tests from CoordinateTransformerTest
1: [ RUN      ] CoordinateTransformerTest.DirectTransformWithinBounds
1: [ERROR] [1744904178.869586855] [test_transformer_node]: –û—à–∏–±–∫–∞ –ø—Ä–µ–æ–±—Ä–∞–∑–æ–≤–∞–Ω–∏—è: "frame_b" passed to lookupTransform argument target_frame does not exist. 
1: /home/user/ros2_ws/src/coordinate_transformer/test/test_coordinate_transformer.cpp:46: Failure
1: Expected equality of these values:
1:   status
1:     Which is: 4-byte object <02-00 00-00>
1:   ResultStatus::SUCCESS
1:     Which is: 4-byte object <00-00 00-00>
1: 
1: /home/user/ros2_ws/src/coordinate_transformer/test/test_coordinate_transformer.cpp:47: Failure
1: The difference between output.pose.position.x and 1.0 is 1, which exceeds 1e-6, where
1: output.pose.position.x evaluates to 0,
1: 1.0 evaluates to 1, and
1: 1e-6 evaluates to 9.9999999999999995e-07.
1: 
1: /home/user/ros2_ws/src/coordinate_transformer/test/test_coordinate_transformer.cpp:48: Failure
1: The difference between output.pose.position.y and 2.0 is 2, which exceeds 1e-6, where
1: output.pose.position.y evaluates to 0,
1: 2.0 evaluates to 2, and
1: 1e-6 evaluates to 9.9999999999999995e-07.
1: 
1: /home/user/ros2_ws/src/coordinate_transformer/test/test_coordinate_transformer.cpp:49: Failure
1: The difference between output.pose.position.z and 3.0 is 3, which exceeds 1e-6, where
1: output.pose.position.z evaluates to 0,
1: 3.0 evaluates to 3, and
1: 1e-6 evaluates to 9.9999999999999995e-07.
1: 
1: [  FAILED  ] CoordinateTransformerTest.DirectTransformWithinBounds (1067 ms)
1: [ RUN      ] CoordinateTransformerTest.DirectTransformOutOfBounds
1: [ERROR] [1744904179.886668911] [test_transformer_node]: –û—à–∏–±–∫–∞ –ø—Ä–µ–æ–±—Ä–∞–∑–æ–≤–∞–Ω–∏—è: "frame_b" passed to lookupTransform argument target_frame does not exist. 
1: /home/user/ros2_ws/src/coordinate_transformer/test/test_coordinate_transformer.cpp:62: Failure
1: Expected equality of these values:
1:   status
1:     Which is: 4-byte object <02-00 00-00>
1:   ResultStatus::OUT_OF_BOUNDS
1:     Which is: 4-byte object <01-00 00-00>
1: 
1: [  FAILED  ] CoordinateTransformerTest.DirectTransformOutOfBounds (1016 ms)
1: [ RUN      ] CoordinateTransformerTest.InverseTransform
1: [ERROR] [1744904180.905767488] [test_transformer_node]: –û—à–∏–±–∫–∞ –ø—Ä–µ–æ–±—Ä–∞–∑–æ–≤–∞–Ω–∏—è: "frame_b" passed to lookupTransform argument target_frame does not exist. 
1: /home/user/ros2_ws/src/coordinate_transformer/test/test_coordinate_transformer.cpp:75: Failure
1: Expected equality of these values:
1:   s1
1:     Which is: 4-byte object <02-00 00-00>
1:   ResultStatus::SUCCESS
1:     Which is: 4-byte object <00-00 00-00>
1: 
1: [  FAILED  ] CoordinateTransformerTest.InverseTransform (1018 ms)
1: [----------] 3 tests from CoordinateTransformerTest (3102 ms total)
1: 
1: [----------] Global test environment tear-down
1: [==========] 3 tests from 1 test suite ran. (3103 ms total)
1: [  PASSED  ] 0 tests.
1: [  FAILED  ] 3 tests, listed below:
1: [  FAILED  ] CoordinateTransformerTest.DirectTransformWithinBounds
1: [  FAILED  ] CoordinateTransformerTest.DirectTransformOutOfBounds
1: [  FAILED  ] CoordinateTransformerTest.InverseTransform
1: 
1:  3 FAILED TESTS
1: -- run_test.py: return code 1
1: -- run_test.py: inject classname prefix into gtest result file '/home/user/ros2_ws/build/coordinate_transformer/test_results/coordinate_transformer/test_coordinate_transformer.gtest.xml'
1: -- run_test.py: verify result file '/home/user/ros2_ws/build/coordinate_transformer/test_results/coordinate_transformer/test_coordinate_transformer.gtest.xml'
1/1 Test #1: test_coordinate_transformer ......***Failed    3.41 sec

0% tests passed[0;0m, [0;31m1 tests failed[0;0m out of 1

Label Time Summary:
gtest    =   3.41 sec*proc (1 test)

Total Test time (real) =   3.41 sec

The following tests FAILED:
	[0;31m  1 - test_coordinate_transformer (Failed)[0;0m
Errors while running CTest
Output from these tests are in: /home/user/ros2_ws/build/coordinate_transformer/Testing/Temporary/LastTest.log
Use "--rerun-failed --output-on-failure" to re-run the failed cases verbosely.
