[0.031s] Invoking command in '/home/user/ros2_ws/build/coordinate_transformer': DEBUGINFOD_URLS=https://debuginfod.ubuntu.com /usr/bin/ctest -C Release -D ExperimentalTest --no-compress-output -V --force-new-ctest-process -V
[0.046s] UpdateCTestConfiguration  from :/home/user/ros2_ws/build/coordinate_transformer/CTestConfiguration.ini
[0.046s] Parse Config file:/home/user/ros2_ws/build/coordinate_transformer/CTestConfiguration.ini
[0.046s]    Site: LT-PROMOBOT-22
[0.046s]    Build name: (empty)
[0.046s]  Add coverage exclude regular expressions.
[0.046s] Create new tag: 20250417-1554 - Experimental
[0.047s] UpdateCTestConfiguration  from :/home/user/ros2_ws/build/coordinate_transformer/CTestConfiguration.ini
[0.047s] Parse Config file:/home/user/ros2_ws/build/coordinate_transformer/CTestConfiguration.ini
[0.047s] Test project /home/user/ros2_ws/build/coordinate_transformer
[0.047s] Constructing a list of tests
[0.047s] Done constructing a list of tests
[0.047s] Updating test list for fixtures
[0.048s] Added 0 tests to meet fixture requirements
[0.048s] Checking test dependency graph...
[0.048s] Checking test dependency graph end
[0.048s] test 1
[0.048s]     Start 1: test_coordinate_transformer
[0.048s] 
[0.048s] 1: Test command: /usr/bin/python3 "-u" "/opt/ros/jazzy/share/ament_cmake_test/cmake/run_test.py" "/home/user/ros2_ws/build/coordinate_transformer/test_results/coordinate_transformer/test_coordinate_transformer.gtest.xml" "--package-name" "coordinate_transformer" "--output-file" "/home/user/ros2_ws/build/coordinate_transformer/ament_cmake_gtest/test_coordinate_transformer.txt" "--command" "/home/user/ros2_ws/build/coordinate_transformer/test_coordinate_transformer" "--gtest_output=xml:/home/user/ros2_ws/build/coordinate_transformer/test_results/coordinate_transformer/test_coordinate_transformer.gtest.xml"
[0.049s] 1: Working Directory: /home/user/ros2_ws/build/coordinate_transformer
[0.049s] 1: Test timeout computed to be: 60
[0.145s] 1: -- run_test.py: invoking following command in '/home/user/ros2_ws/build/coordinate_transformer':
[0.145s] 1:  - /home/user/ros2_ws/build/coordinate_transformer/test_coordinate_transformer --gtest_output=xml:/home/user/ros2_ws/build/coordinate_transformer/test_results/coordinate_transformer/test_coordinate_transformer.gtest.xml
[0.179s] 1: [==========] Running 3 tests from 1 test suite.
[0.179s] 1: [----------] Global test environment set-up.
[0.179s] 1: [----------] 3 tests from CoordinateTransformerTest
[0.179s] 1: [ RUN      ] CoordinateTransformerTest.DirectTransformWithinBounds
[1.221s] 1: [ERROR] [1744905296.801851861] [test_transformer_node]: –û—à–∏–±–∫–∞ –ø—Ä–µ–æ–±—Ä–∞–∑–æ–≤–∞–Ω–∏—è: "frame_b" passed to lookupTransform argument target_frame does not exist. 
[1.222s] 1: /home/user/ros2_ws/src/coordinate_transformer/test/test_coordinate_transformer.cpp:46: Failure
[1.222s] 1: Expected equality of these values:
[1.222s] 1:   status
[1.222s] 1:     Which is: 4-byte object <02-00 00-00>
[1.222s] 1:   ResultStatus::SUCCESS
[1.223s] 1:     Which is: 4-byte object <00-00 00-00>
[1.223s] 1: 
[1.223s] 1: /home/user/ros2_ws/src/coordinate_transformer/test/test_coordinate_transformer.cpp:47: Failure
[1.223s] 1: The difference between output.pose.position.x and 1.0 is 1, which exceeds 1e-6, where
[1.223s] 1: output.pose.position.x evaluates to 0,
[1.224s] 1: 1.0 evaluates to 1, and
[1.224s] 1: 1e-6 evaluates to 9.9999999999999995e-07.
[1.224s] 1: 
[1.224s] 1: /home/user/ros2_ws/src/coordinate_transformer/test/test_coordinate_transformer.cpp:48: Failure
[1.224s] 1: The difference between output.pose.position.y and 2.0 is 2, which exceeds 1e-6, where
[1.224s] 1: output.pose.position.y evaluates to 0,
[1.225s] 1: 2.0 evaluates to 2, and
[1.225s] 1: 1e-6 evaluates to 9.9999999999999995e-07.
[1.225s] 1: 
[1.225s] 1: /home/user/ros2_ws/src/coordinate_transformer/test/test_coordinate_transformer.cpp:49: Failure
[1.225s] 1: The difference between output.pose.position.z and 3.0 is 3, which exceeds 1e-6, where
[1.225s] 1: output.pose.position.z evaluates to 0,
[1.226s] 1: 3.0 evaluates to 3, and
[1.226s] 1: 1e-6 evaluates to 9.9999999999999995e-07.
[1.226s] 1: 
[1.227s] 1: [  FAILED  ] CoordinateTransformerTest.DirectTransformWithinBounds (1048 ms)
[1.227s] 1: [ RUN      ] CoordinateTransformerTest.DirectTransformOutOfBounds
[2.243s] 1: [ERROR] [1744905297.823976068] [test_transformer_node]: –û—à–∏–±–∫–∞ –ø—Ä–µ–æ–±—Ä–∞–∑–æ–≤–∞–Ω–∏—è: "frame_b" passed to lookupTransform argument target_frame does not exist. 
[2.244s] 1: /home/user/ros2_ws/src/coordinate_transformer/test/test_coordinate_transformer.cpp:62: Failure
[2.244s] 1: Expected equality of these values:
[2.244s] 1:   status
[2.244s] 1:     Which is: 4-byte object <02-00 00-00>
[2.244s] 1:   ResultStatus::OUT_OF_BOUNDS
[2.244s] 1:     Which is: 4-byte object <01-00 00-00>
[2.244s] 1: 
[2.248s] 1: [  FAILED  ] CoordinateTransformerTest.DirectTransformOutOfBounds (1020 ms)
[2.248s] 1: [ RUN      ] CoordinateTransformerTest.InverseTransform
[3.266s] 1: [ERROR] [1744905298.846576517] [test_transformer_node]: –û—à–∏–±–∫–∞ –ø—Ä–µ–æ–±—Ä–∞–∑–æ–≤–∞–Ω–∏—è: "frame_b" passed to lookupTransform argument target_frame does not exist. 
[3.266s] 1: /home/user/ros2_ws/src/coordinate_transformer/test/test_coordinate_transformer.cpp:75: Failure
[3.266s] 1: Expected equality of these values:
[3.266s] 1:   s1
[3.267s] 1:     Which is: 4-byte object <02-00 00-00>
[3.267s] 1:   ResultStatus::SUCCESS
[3.267s] 1:     Which is: 4-byte object <00-00 00-00>
[3.267s] 1: 
[3.272s] 1: [  FAILED  ] CoordinateTransformerTest.InverseTransform (1024 ms)
[3.272s] 1: [----------] 3 tests from CoordinateTransformerTest (3093 ms total)
[3.273s] 1: 
[3.273s] 1: [----------] Global test environment tear-down
[3.273s] 1: [==========] 3 tests from 1 test suite ran. (3093 ms total)
[3.273s] 1: [  PASSED  ] 0 tests.
[3.273s] 1: [  FAILED  ] 3 tests, listed below:
[3.273s] 1: [  FAILED  ] CoordinateTransformerTest.DirectTransformWithinBounds
[3.274s] 1: [  FAILED  ] CoordinateTransformerTest.DirectTransformOutOfBounds
[3.274s] 1: [  FAILED  ] CoordinateTransformerTest.InverseTransform
[3.274s] 1: 
[3.274s] 1:  3 FAILED TESTS
[3.379s] 1: -- run_test.py: return code 1
[3.380s] 1: -- run_test.py: inject classname prefix into gtest result file '/home/user/ros2_ws/build/coordinate_transformer/test_results/coordinate_transformer/test_coordinate_transformer.gtest.xml'
[3.380s] 1: -- run_test.py: verify result file '/home/user/ros2_ws/build/coordinate_transformer/test_results/coordinate_transformer/test_coordinate_transformer.gtest.xml'
[3.405s] 1/1 Test #1: test_coordinate_transformer ......***Failed    3.36 sec
[3.405s] 
[3.406s] 0% tests passed[0;0m, [0;31m1 tests failed[0;0m out of 1
[3.406s] 
[3.406s] Label Time Summary:
[3.406s] gtest    =   3.36 sec*proc (1 test)
[3.406s] 
[3.407s] Total Test time (real) =   3.36 sec
[3.407s] 
[3.407s] The following tests FAILED:
[3.407s] 	[0;31m  1 - test_coordinate_transformer (Failed)[0;0m
[3.408s] Errors while running CTest
[3.409s] Output from these tests are in: /home/user/ros2_ws/build/coordinate_transformer/Testing/Temporary/LastTest.log
[3.409s] Use "--rerun-failed --output-on-failure" to re-run the failed cases verbosely.
[3.413s] Invoked command in '/home/user/ros2_ws/build/coordinate_transformer' returned '8': DEBUGINFOD_URLS=https://debuginfod.ubuntu.com /usr/bin/ctest -C Release -D ExperimentalTest --no-compress-output -V --force-new-ctest-process -V
