UpdateCTestConfiguration  from :/home/user/ros2_ws/build/coordinate_transformer/CTestConfiguration.ini
Parse Config file:/home/user/ros2_ws/build/coordinate_transformer/CTestConfiguration.ini
   Site: LT-PROMOBOT-22
   Build name: (empty)
 Add coverage exclude regular expressions.
Create new tag: 20250417-1611 - Experimental
UpdateCTestConfiguration  from :/home/user/ros2_ws/build/coordinate_transformer/CTestConfiguration.ini
Parse Config file:/home/user/ros2_ws/build/coordinate_transformer/CTestConfiguration.ini
Test project /home/user/ros2_ws/build/coordinate_transformer
Constructing a list of tests
Done constructing a list of tests
Updating test list for fixtures
Added 0 tests to meet fixture requirements
Checking test dependency graph...
Checking test dependency graph end
test 1
    Start 1: test_coordinate_transformer

1: Test command: /usr/bin/python3 "-u" "/opt/ros/jazzy/share/ament_cmake_test/cmake/run_test.py" "/home/user/ros2_ws/build/coordinate_transformer/test_results/coordinate_transformer/test_coordinate_transformer.gtest.xml" "--package-name" "coordinate_transformer" "--output-file" "/home/user/ros2_ws/build/coordinate_transformer/ament_cmake_gtest/test_coordinate_transformer.txt" "--command" "/home/user/ros2_ws/build/coordinate_transformer/test_coordinate_transformer" "--gtest_output=xml:/home/user/ros2_ws/build/coordinate_transformer/test_results/coordinate_transformer/test_coordinate_transformer.gtest.xml"
1: Working Directory: /home/user/ros2_ws/build/coordinate_transformer
1: Test timeout computed to be: 60
1: -- run_test.py: invoking following command in '/home/user/ros2_ws/build/coordinate_transformer':
1:  - /home/user/ros2_ws/build/coordinate_transformer/test_coordinate_transformer --gtest_output=xml:/home/user/ros2_ws/build/coordinate_transformer/test_results/coordinate_transformer/test_coordinate_transformer.gtest.xml
1: [==========] Running 3 tests from 1 test suite.
1: [----------] Global test environment set-up.
1: [----------] 3 tests from CoordinateTransformerTest
1: [ RUN      ] CoordinateTransformerTest.DirectTransformWithinBounds
1: /home/user/ros2_ws/src/coordinate_transformer/test/test_coordinate_transformer.cpp:46: Failure
1: Expected equality of these values:
1:   status
1:     Which is: 4-byte object <01-00 00-00>
1:   ResultStatus::SUCCESS
1:     Which is: 4-byte object <00-00 00-00>
1: 
1: /home/user/ros2_ws/src/coordinate_transformer/test/test_coordinate_transformer.cpp:47: Failure
1: The difference between output.pose.position.x and 1.0 is 2, which exceeds 1e-6, where
1: output.pose.position.x evaluates to -1,
1: 1.0 evaluates to 1, and
1: 1e-6 evaluates to 9.9999999999999995e-07.
1: 
1: /home/user/ros2_ws/src/coordinate_transformer/test/test_coordinate_transformer.cpp:48: Failure
1: The difference between output.pose.position.y and 2.0 is 4, which exceeds 1e-6, where
1: output.pose.position.y evaluates to -2,
1: 2.0 evaluates to 2, and
1: 1e-6 evaluates to 9.9999999999999995e-07.
1: 
1: /home/user/ros2_ws/src/coordinate_transformer/test/test_coordinate_transformer.cpp:49: Failure
1: The difference between output.pose.position.z and 3.0 is 6, which exceeds 1e-6, where
1: output.pose.position.z evaluates to -3,
1: 3.0 evaluates to 3, and
1: 1e-6 evaluates to 9.9999999999999995e-07.
1: 
1: [  FAILED  ] CoordinateTransformerTest.DirectTransformWithinBounds (36 ms)
1: [ RUN      ] CoordinateTransformerTest.DirectTransformOutOfBounds
1: [       OK ] CoordinateTransformerTest.DirectTransformOutOfBounds (12 ms)
1: [ RUN      ] CoordinateTransformerTest.InverseTransform
1: /home/user/ros2_ws/src/coordinate_transformer/test/test_coordinate_transformer.cpp:75: Failure
1: Expected equality of these values:
1:   s1
1:     Which is: 4-byte object <01-00 00-00>
1:   ResultStatus::SUCCESS
1:     Which is: 4-byte object <00-00 00-00>
1: 
1: [  FAILED  ] CoordinateTransformerTest.InverseTransform (12 ms)
1: [----------] 3 tests from CoordinateTransformerTest (61 ms total)
1: 
1: [----------] Global test environment tear-down
1: [==========] 3 tests from 1 test suite ran. (61 ms total)
1: [  PASSED  ] 1 test.
1: [  FAILED  ] 2 tests, listed below:
1: [  FAILED  ] CoordinateTransformerTest.DirectTransformWithinBounds
1: [  FAILED  ] CoordinateTransformerTest.InverseTransform
1: 
1:  2 FAILED TESTS
1: -- run_test.py: return code 1
1: -- run_test.py: inject classname prefix into gtest result file '/home/user/ros2_ws/build/coordinate_transformer/test_results/coordinate_transformer/test_coordinate_transformer.gtest.xml'
1: -- run_test.py: verify result file '/home/user/ros2_ws/build/coordinate_transformer/test_results/coordinate_transformer/test_coordinate_transformer.gtest.xml'
1/1 Test #1: test_coordinate_transformer ......***Failed    0.31 sec
-- run_test.py: invoking following command in '/home/user/ros2_ws/build/coordinate_transformer':
 - /home/user/ros2_ws/build/coordinate_transformer/test_coordinate_transformer --gtest_output=xml:/home/user/ros2_ws/build/coordinate_transformer/test_results/coordinate_transformer/test_coordinate_transformer.gtest.xml
[==========] Running 3 tests from 1 test suite.
[----------] Global test environment set-up.
[----------] 3 tests from CoordinateTransformerTest
[ RUN      ] CoordinateTransformerTest.DirectTransformWithinBounds
/home/user/ros2_ws/src/coordinate_transformer/test/test_coordinate_transformer.cpp:46: Failure
Expected equality of these values:
  status
    Which is: 4-byte object <01-00 00-00>
  ResultStatus::SUCCESS
    Which is: 4-byte object <00-00 00-00>

/home/user/ros2_ws/src/coordinate_transformer/test/test_coordinate_transformer.cpp:47: Failure
The difference between output.pose.position.x and 1.0 is 2, which exceeds 1e-6, where
output.pose.position.x evaluates to -1,
1.0 evaluates to 1, and
1e-6 evaluates to 9.9999999999999995e-07.

/home/user/ros2_ws/src/coordinate_transformer/test/test_coordinate_transformer.cpp:48: Failure
The difference between output.pose.position.y and 2.0 is 4, which exceeds 1e-6, where
output.pose.position.y evaluates to -2,
2.0 evaluates to 2, and
1e-6 evaluates to 9.9999999999999995e-07.

/home/user/ros2_ws/src/coordinate_transformer/test/test_coordinate_transformer.cpp:49: Failure
The difference between output.pose.position.z and 3.0 is 6, which exceeds 1e-6, where
output.pose.position.z evaluates to -3,
3.0 evaluates to 3, and
1e-6 evaluates to 9.9999999999999995e-07.

[  FAILED  ] CoordinateTransformerTest.DirectTransformWithinBounds (36 ms)
[ RUN      ] CoordinateTransformerTest.DirectTransformOutOfBounds
[       OK ] CoordinateTransformerTest.DirectTransformOutOfBounds (12 ms)
[ RUN      ] CoordinateTransformerTest.InverseTransform
/home/user/ros2_ws/src/coordinate_transformer/test/test_coordinate_transformer.cpp:75: Failure
Expected equality of these values:
  s1
    Which is: 4-byte object <01-00 00-00>
  ResultStatus::SUCCESS
    Which is: 4-byte object <00-00 00-00>

[  FAILED  ] CoordinateTransformerTest.InverseTransform (12 ms)
[----------] 3 tests from CoordinateTransformerTest (61 ms total)

[----------] Global test environment tear-down
[==========] 3 tests from 1 test suite ran. (61 ms total)
[  PASSED  ] 1 test.
[  FAILED  ] 2 tests, listed below:
[  FAILED  ] CoordinateTransformerTest.DirectTransformWithinBounds
[  FAILED  ] CoordinateTransformerTest.InverseTransform

 2 FAILED TESTS
-- run_test.py: return code 1
-- run_test.py: inject classname prefix into gtest result file '/home/user/ros2_ws/build/coordinate_transformer/test_results/coordinate_transformer/test_coordinate_transformer.gtest.xml'
-- run_test.py: verify result file '/home/user/ros2_ws/build/coordinate_transformer/test_results/coordinate_transformer/test_coordinate_transformer.gtest.xml'


0% tests passed[0;0m, [0;31m1 tests failed[0;0m out of 1

Label Time Summary:
gtest    =   0.31 sec*proc (1 test)

Total Test time (real) =   0.31 sec

The following tests FAILED:
	[0;31m  1 - test_coordinate_transformer (Failed)[0;0m
