[0.011s] Invoking command in '/home/user/ros2_ws/build/coordinate_transformer': CMAKE_PREFIX_PATH=${CMAKE_PREFIX_PATH}:/home/user/ws_moveit/install/moveit_configs_utils:/opt/ros/jazzy DEBUGINFOD_URLS=https://debuginfod.ubuntu.com /usr/bin/cmake /home/user/ros2_ws/src/coordinate_transformer -DCMAKE_INSTALL_PREFIX=/home/user/ros2_ws/install/coordinate_transformer
[0.060s] -- The C compiler identification is GNU 13.3.0
[0.108s] -- The CXX compiler identification is GNU 13.3.0
[0.122s] -- Detecting C compiler ABI info
[0.223s] -- Detecting C compiler ABI info - done
[0.230s] -- Check for working C compiler: /usr/bin/cc - skipped
[0.230s] -- Detecting C compile features
[0.230s] -- Detecting C compile features - done
[0.238s] -- Detecting CXX compiler ABI info
[0.331s] -- Detecting CXX compiler ABI info - done
[0.338s] -- Check for working CXX compiler: /usr/bin/c++ - skipped
[0.338s] -- Detecting CXX compile features
[0.338s] -- Detecting CXX compile features - done
[0.345s] -- Found ament_cmake: 2.5.3 (/opt/ros/jazzy/share/ament_cmake/cmake)
[0.509s] -- Found Python3: /usr/bin/python3 (found version "3.12.3") found components: Interpreter 
[0.642s] -- Found rclcpp: 28.1.8 (/opt/ros/jazzy/share/rclcpp/cmake)
[0.706s] -- Found rosidl_generator_c: 4.6.5 (/opt/ros/jazzy/share/rosidl_generator_c/cmake)
[0.728s] -- Found rosidl_generator_cpp: 4.6.5 (/opt/ros/jazzy/share/rosidl_generator_cpp/cmake)
[0.753s] -- Using all available rosidl_typesupport_c: rosidl_typesupport_fastrtps_c;rosidl_typesupport_introspection_c
[0.780s] -- Using all available rosidl_typesupport_cpp: rosidl_typesupport_fastrtps_cpp;rosidl_typesupport_introspection_cpp
[0.878s] -- Found rmw_implementation_cmake: 7.3.2 (/opt/ros/jazzy/share/rmw_implementation_cmake/cmake)
[0.886s] -- Found rmw_fastrtps_cpp: 8.4.2 (/opt/ros/jazzy/share/rmw_fastrtps_cpp/cmake)
[0.988s] -- Found OpenSSL: /usr/lib/x86_64-linux-gnu/libcrypto.so (found version "3.0.13")  
[1.009s] -- Found FastRTPS: /opt/ros/jazzy/include (Required is at least version "2.13") 
[1.032s] -- Using RMW implementation 'rmw_fastrtps_cpp' as default
[1.117s] -- Found tf2: 0.36.9 (/opt/ros/jazzy/share/tf2/cmake)
[1.158s] -- Found tf2_ros: 0.36.9 (/opt/ros/jazzy/share/tf2_ros/cmake)
[1.295s] -- Found tf2_geometry_msgs: 0.36.9 (/opt/ros/jazzy/share/tf2_geometry_msgs/cmake)
[1.322s] -- Found eigen3_cmake_module: 0.3.0 (/opt/ros/jazzy/share/eigen3_cmake_module/cmake)
[1.323s] -- Found Eigen3: TRUE (found version "3.4.0") 
[1.323s] -- Ensuring Eigen3 include directory is part of orocos-kdl CMake target
[1.343s] -- Found ament_lint_auto: 0.17.2 (/opt/ros/jazzy/share/ament_lint_auto/cmake)
[1.417s] -- Found ament_cmake_gtest: 2.5.3 (/opt/ros/jazzy/share/ament_cmake_gtest/cmake)
[1.423s] -- Found gtest sources under '/opt/ros/jazzy/src/gtest_vendor': C++ tests using 'Google Test' will be built
[1.425s] -- Performing Test CMAKE_HAVE_LIBC_PTHREAD
[1.517s] -- Performing Test CMAKE_HAVE_LIBC_PTHREAD - Success
[1.518s] -- Found Threads: TRUE  
[1.529s] -- Configuring done (1.5s)
[1.543s] -- Generating done (0.0s)
[1.547s] -- Build files have been written to: /home/user/ros2_ws/build/coordinate_transformer
[1.555s] Invoked command in '/home/user/ros2_ws/build/coordinate_transformer' returned '0': CMAKE_PREFIX_PATH=${CMAKE_PREFIX_PATH}:/home/user/ws_moveit/install/moveit_configs_utils:/opt/ros/jazzy DEBUGINFOD_URLS=https://debuginfod.ubuntu.com /usr/bin/cmake /home/user/ros2_ws/src/coordinate_transformer -DCMAKE_INSTALL_PREFIX=/home/user/ros2_ws/install/coordinate_transformer
[1.556s] Invoking command in '/home/user/ros2_ws/build/coordinate_transformer': CMAKE_PREFIX_PATH=${CMAKE_PREFIX_PATH}:/home/user/ws_moveit/install/moveit_configs_utils:/opt/ros/jazzy DEBUGINFOD_URLS=https://debuginfod.ubuntu.com /usr/bin/cmake --build /home/user/ros2_ws/build/coordinate_transformer -- -j8 -l8
[1.611s] [ 50%] Built target gtest
[1.611s] [ 50%] Built target gtest_main
[1.615s] [ 75%] Built target coordinate_transformer_lib
[1.644s] [ 87%] [32mBuilding CXX object CMakeFiles/test_coordinate_transformer.dir/test/test_coordinate_transformer.cpp.o[0m
[3.545s] [01m[K/home/user/ros2_ws/src/coordinate_transformer/test/test_coordinate_transformer.cpp:5:17:[m[K [01;31m[Kerror: [m[K‚Äò[01m[Kcoordinate_transformer[m[K‚Äô is not a namespace-name
[3.545s]     5 | using namespace [01;31m[Kcoordinate_transformer[m[K; // –î–æ–±–∞–≤–ª–µ–Ω–æ –ø—Ä–æ—Å—Ç—Ä–∞–Ω—Å—Ç–≤–æ –∏–º—ë–Ω
[3.545s]       |                 [01;31m[K^~~~~~~~~~~~~~~~~~~~~~[m[K
[3.547s] In file included from [01m[K/opt/ros/jazzy/src/gtest_vendor/include/gtest/gtest-printers.h:122[m[K,
[3.547s]                  from [01m[K/opt/ros/jazzy/src/gtest_vendor/include/gtest/gtest-matchers.h:49[m[K,
[3.547s]                  from [01m[K/opt/ros/jazzy/src/gtest_vendor/include/gtest/internal/gtest-death-test-internal.h:47[m[K,
[3.547s]                  from [01m[K/opt/ros/jazzy/src/gtest_vendor/include/gtest/gtest-death-test.h:43[m[K,
[3.547s]                  from [01m[K/opt/ros/jazzy/src/gtest_vendor/include/gtest/gtest.h:65[m[K,
[3.547s]                  from [01m[K/home/user/ros2_ws/src/coordinate_transformer/test/test_coordinate_transformer.cpp:1[m[K:
[3.547s] [01m[K/home/user/ros2_ws/src/coordinate_transformer/test/test_coordinate_transformer.cpp:[m[K In member function ‚Äò[01m[Kvirtual void CoordinateTransformerTest::[01;32m[KSetUp[m[K()[m[K‚Äô:
[3.547s] [01m[K/home/user/ros2_ws/src/coordinate_transformer/test/test_coordinate_transformer.cpp:29:31:[m[K [01;31m[Kerror: [m[K‚Äò[01m[Kusing std::__shared_ptr_access<CoordinateTransformer, __gnu_cxx::_S_atomic, false, false>::element_type = class CoordinateTransformer[m[K‚Äô {aka ‚Äò[01m[Kclass CoordinateTransformer[m[K‚Äô} has no member named ‚Äò[01m[KgetBuffer[m[K‚Äô
[3.547s]    29 |     ASSERT_TRUE(transformer_->[01;31m[KgetBuffer[m[K()->canTransform(
[3.547s]       |                               [01;31m[K^~~~~~~~~[m[K
[4.384s] gmake[2]: *** [CMakeFiles/test_coordinate_transformer.dir/build.make:76: CMakeFiles/test_coordinate_transformer.dir/test/test_coordinate_transformer.cpp.o] –û—à–∏–±–∫–∞ 1
[4.384s] gmake[1]: *** [CMakeFiles/Makefile2:185: CMakeFiles/test_coordinate_transformer.dir/all] –û—à–∏–±–∫–∞ 2
[4.384s] gmake: *** [Makefile:146: all] –û—à–∏–±–∫–∞ 2
[4.386s] Invoked command in '/home/user/ros2_ws/build/coordinate_transformer' returned '2': CMAKE_PREFIX_PATH=${CMAKE_PREFIX_PATH}:/home/user/ws_moveit/install/moveit_configs_utils:/opt/ros/jazzy DEBUGINFOD_URLS=https://debuginfod.ubuntu.com /usr/bin/cmake --build /home/user/ros2_ws/build/coordinate_transformer -- -j8 -l8
