In file included from [01m[K/opt/ros/jazzy/src/gtest_vendor/include/gtest/gtest-printers.h:122[m[K,
                 from [01m[K/opt/ros/jazzy/src/gtest_vendor/include/gtest/gtest-matchers.h:49[m[K,
                 from [01m[K/opt/ros/jazzy/src/gtest_vendor/include/gtest/internal/gtest-death-test-internal.h:47[m[K,
                 from [01m[K/opt/ros/jazzy/src/gtest_vendor/include/gtest/gtest-death-test.h:43[m[K,
                 from [01m[K/opt/ros/jazzy/src/gtest_vendor/include/gtest/gtest.h:65[m[K,
                 from [01m[K/home/user/ros2_ws/src/coordinate_transformer/test/test_coordinate_transformer.cpp:1[m[K:
[01m[K/home/user/ros2_ws/src/coordinate_transformer/test/test_coordinate_transformer.cpp:[m[K In member function â€˜[01m[Kvirtual void CoordinateTransformerTest::[01;32m[KSetUp[m[K()[m[Kâ€™:
[01m[K/home/user/ros2_ws/src/coordinate_transformer/test/test_coordinate_transformer.cpp:27:31:[m[K [01;31m[Kerror: [m[Kâ€˜[01m[Kusing std::__shared_ptr_access<CoordinateTransformer, __gnu_cxx::_S_atomic, false, false>::element_type = class CoordinateTransformer[m[Kâ€™ {aka â€˜[01m[Kclass CoordinateTransformer[m[Kâ€™} has no member named â€˜[01m[KgetBuffer[m[Kâ€™
   27 |     ASSERT_TRUE(transformer_->[01;31m[KgetBuffer[m[K()->canTransform(
      |                               [01;31m[K^~~~~~~~~[m[K
In file included from [01m[K/opt/ros/jazzy/src/gtest_vendor/include/gtest/gtest.h:72[m[K:
[01m[K/home/user/ros2_ws/src/coordinate_transformer/test/test_coordinate_transformer.cpp:[m[K In member function â€˜[01m[Kvirtual void CoordinateTransformerTest_DirectTransform_Test::[01;32m[KTestBody[m[K()[m[Kâ€™:
[01m[K/home/user/ros2_ws/src/coordinate_transformer/test/test_coordinate_transformer.cpp:52:21:[m[K [01;31m[Kerror: [m[Kâ€˜[01m[Kcoordinate_transformer[m[Kâ€™ has not been declared
   52 |   EXPECT_EQ(status, [01;31m[Kcoordinate_transformer[m[K::ResultStatus::SUCCESS);
      |                     [01;31m[K^~~~~~~~~~~~~~~~~~~~~~[m[K
[01m[K/home/user/ros2_ws/src/coordinate_transformer/test/test_coordinate_transformer.cpp:[m[K In member function â€˜[01m[Kvirtual void CoordinateTransformerTest_InverseTransform_Test::[01;32m[KTestBody[m[K()[m[Kâ€™:
[01m[K/home/user/ros2_ws/src/coordinate_transformer/test/test_coordinate_transformer.cpp:69:21:[m[K [01;31m[Kerror: [m[Kâ€˜[01m[Kcoordinate_transformer[m[Kâ€™ has not been declared
   69 |   EXPECT_EQ(status, [01;31m[Kcoordinate_transformer[m[K::ResultStatus::SUCCESS);
      |                     [01;31m[K^~~~~~~~~~~~~~~~~~~~~~[m[K
gmake[2]: *** [CMakeFiles/test_coordinate_transformer.dir/build.make:76: CMakeFiles/test_coordinate_transformer.dir/test/test_coordinate_transformer.cpp.o] ÐžÑˆÐ¸Ð±ÐºÐ° 1
gmake[1]: *** [CMakeFiles/Makefile2:185: CMakeFiles/test_coordinate_transformer.dir/all] ÐžÑˆÐ¸Ð±ÐºÐ° 2
gmake: *** [Makefile:146: all] ÐžÑˆÐ¸Ð±ÐºÐ° 2
