-- The C compiler identification is GNU 13.3.0
-- The CXX compiler identification is GNU 13.3.0
-- Detecting C compiler ABI info
-- Detecting C compiler ABI info - done
-- Check for working C compiler: /usr/bin/cc - skipped
-- Detecting C compile features
-- Detecting C compile features - done
-- Detecting CXX compiler ABI info
-- Detecting CXX compiler ABI info - done
-- Check for working CXX compiler: /usr/bin/c++ - skipped
-- Detecting CXX compile features
-- Detecting CXX compile features - done
-- Found ament_cmake: 2.5.3 (/opt/ros/jazzy/share/ament_cmake/cmake)
-- Found Python3: /usr/bin/python3 (found version "3.12.3") found components: Interpreter 
-- Found rclcpp: 28.1.8 (/opt/ros/jazzy/share/rclcpp/cmake)
-- Found rosidl_generator_c: 4.6.5 (/opt/ros/jazzy/share/rosidl_generator_c/cmake)
-- Found rosidl_generator_cpp: 4.6.5 (/opt/ros/jazzy/share/rosidl_generator_cpp/cmake)
-- Using all available rosidl_typesupport_c: rosidl_typesupport_fastrtps_c;rosidl_typesupport_introspection_c
-- Using all available rosidl_typesupport_cpp: rosidl_typesupport_fastrtps_cpp;rosidl_typesupport_introspection_cpp
-- Found rmw_implementation_cmake: 7.3.2 (/opt/ros/jazzy/share/rmw_implementation_cmake/cmake)
-- Found rmw_fastrtps_cpp: 8.4.2 (/opt/ros/jazzy/share/rmw_fastrtps_cpp/cmake)
-- Found OpenSSL: /usr/lib/x86_64-linux-gnu/libcrypto.so (found version "3.0.13")  
-- Found FastRTPS: /opt/ros/jazzy/include (Required is at least version "2.13") 
-- Using RMW implementation 'rmw_fastrtps_cpp' as default
-- Found tf2: 0.36.9 (/opt/ros/jazzy/share/tf2/cmake)
-- Found tf2_ros: 0.36.9 (/opt/ros/jazzy/share/tf2_ros/cmake)
-- Found tf2_geometry_msgs: 0.36.9 (/opt/ros/jazzy/share/tf2_geometry_msgs/cmake)
-- Found eigen3_cmake_module: 0.3.0 (/opt/ros/jazzy/share/eigen3_cmake_module/cmake)
-- Found Eigen3: TRUE (found version "3.4.0") 
-- Ensuring Eigen3 include directory is part of orocos-kdl CMake target
-- Found ament_lint_auto: 0.17.2 (/opt/ros/jazzy/share/ament_lint_auto/cmake)
-- Found ament_cmake_gtest: 2.5.3 (/opt/ros/jazzy/share/ament_cmake_gtest/cmake)
-- Found gtest sources under '/opt/ros/jazzy/src/gtest_vendor': C++ tests using 'Google Test' will be built
-- Performing Test CMAKE_HAVE_LIBC_PTHREAD
-- Performing Test CMAKE_HAVE_LIBC_PTHREAD - Success
-- Found Threads: TRUE  
-- Configuring done (1.5s)
-- Generating done (0.0s)
-- Build files have been written to: /home/user/ros2_ws/build/coordinate_transformer
[ 50%] Built target gtest
[ 50%] Built target gtest_main
[ 75%] Built target coordinate_transformer_lib
[ 87%] [32mBuilding CXX object CMakeFiles/test_coordinate_transformer.dir/test/test_coordinate_transformer.cpp.o[0m
In file included from [01m[K/opt/ros/jazzy/src/gtest_vendor/include/gtest/gtest-printers.h:122[m[K,
                 from [01m[K/opt/ros/jazzy/src/gtest_vendor/include/gtest/gtest-matchers.h:49[m[K,
                 from [01m[K/opt/ros/jazzy/src/gtest_vendor/include/gtest/internal/gtest-death-test-internal.h:47[m[K,
                 from [01m[K/opt/ros/jazzy/src/gtest_vendor/include/gtest/gtest-death-test.h:43[m[K,
                 from [01m[K/opt/ros/jazzy/src/gtest_vendor/include/gtest/gtest.h:65[m[K,
                 from [01m[K/home/user/ros2_ws/src/coordinate_transformer/test/test_coordinate_transformer.cpp:1[m[K:
[01m[K/home/user/ros2_ws/src/coordinate_transformer/test/test_coordinate_transformer.cpp:[m[K In member function â€˜[01m[Kvirtual void CoordinateTransformerTest::[01;32m[KSetUp[m[K()[m[Kâ€™:
[01m[K/home/user/ros2_ws/src/coordinate_transformer/test/test_coordinate_transformer.cpp:27:31:[m[K [01;31m[Kerror: [m[Kâ€˜[01m[Kusing std::__shared_ptr_access<CoordinateTransformer, __gnu_cxx::_S_atomic, false, false>::element_type = class CoordinateTransformer[m[Kâ€™ {aka â€˜[01m[Kclass CoordinateTransformer[m[Kâ€™} has no member named â€˜[01m[KgetBuffer[m[Kâ€™
   27 |     ASSERT_TRUE(transformer_->[01;31m[KgetBuffer[m[K()->canTransform(
      |                               [01;31m[K^~~~~~~~~[m[K
In file included from [01m[K/opt/ros/jazzy/src/gtest_vendor/include/gtest/gtest.h:72[m[K:
[01m[K/home/user/ros2_ws/src/coordinate_transformer/test/test_coordinate_transformer.cpp:[m[K In member function â€˜[01m[Kvirtual void CoordinateTransformerTest_DirectTransform_Test::[01;32m[KTestBody[m[K()[m[Kâ€™:
[01m[K/home/user/ros2_ws/src/coordinate_transformer/test/test_coordinate_transformer.cpp:52:21:[m[K [01;31m[Kerror: [m[Kâ€˜[01m[Kcoordinate_transformer[m[Kâ€™ has not been declared
   52 |   EXPECT_EQ(status, [01;31m[Kcoordinate_transformer[m[K::ResultStatus::SUCCESS);
      |                     [01;31m[K^~~~~~~~~~~~~~~~~~~~~~[m[K
[01m[K/home/user/ros2_ws/src/coordinate_transformer/test/test_coordinate_transformer.cpp:[m[K In member function â€˜[01m[Kvirtual void CoordinateTransformerTest_InverseTransform_Test::[01;32m[KTestBody[m[K()[m[Kâ€™:
[01m[K/home/user/ros2_ws/src/coordinate_transformer/test/test_coordinate_transformer.cpp:69:21:[m[K [01;31m[Kerror: [m[Kâ€˜[01m[Kcoordinate_transformer[m[Kâ€™ has not been declared
   69 |   EXPECT_EQ(status, [01;31m[Kcoordinate_transformer[m[K::ResultStatus::SUCCESS);
      |                     [01;31m[K^~~~~~~~~~~~~~~~~~~~~~[m[K
gmake[2]: *** [CMakeFiles/test_coordinate_transformer.dir/build.make:76: CMakeFiles/test_coordinate_transformer.dir/test/test_coordinate_transformer.cpp.o] ÐžÑˆÐ¸Ð±ÐºÐ° 1
gmake[1]: *** [CMakeFiles/Makefile2:185: CMakeFiles/test_coordinate_transformer.dir/all] ÐžÑˆÐ¸Ð±ÐºÐ° 2
gmake: *** [Makefile:146: all] ÐžÑˆÐ¸Ð±ÐºÐ° 2
