[0.023s] Invoking command in '/home/user/ros2_ws/build/coordinate_transformer': DEBUGINFOD_URLS=https://debuginfod.ubuntu.com /usr/bin/ctest -C Release -D ExperimentalTest --no-compress-output -V --force-new-ctest-process -V
[0.031s] UpdateCTestConfiguration  from :/home/user/ros2_ws/build/coordinate_transformer/CTestConfiguration.ini
[0.031s] Parse Config file:/home/user/ros2_ws/build/coordinate_transformer/CTestConfiguration.ini
[0.031s]    Site: LT-PROMOBOT-22
[0.031s]    Build name: (empty)
[0.031s]  Add coverage exclude regular expressions.
[0.031s] Create new tag: 20250417-1827 - Experimental
[0.031s] UpdateCTestConfiguration  from :/home/user/ros2_ws/build/coordinate_transformer/CTestConfiguration.ini
[0.031s] Parse Config file:/home/user/ros2_ws/build/coordinate_transformer/CTestConfiguration.ini
[0.031s] Test project /home/user/ros2_ws/build/coordinate_transformer
[0.031s] Constructing a list of tests
[0.031s] Done constructing a list of tests
[0.032s] Updating test list for fixtures
[0.032s] Added 0 tests to meet fixture requirements
[0.032s] Checking test dependency graph...
[0.032s] Checking test dependency graph end
[0.032s] test 1
[0.032s]     Start 1: test_coordinate_transformer
[0.032s] 
[0.032s] 1: Test command: /usr/bin/python3 "-u" "/opt/ros/jazzy/share/ament_cmake_test/cmake/run_test.py" "/home/user/ros2_ws/build/coordinate_transformer/test_results/coordinate_transformer/test_coordinate_transformer.gtest.xml" "--package-name" "coordinate_transformer" "--output-file" "/home/user/ros2_ws/build/coordinate_transformer/ament_cmake_gtest/test_coordinate_transformer.txt" "--command" "/home/user/ros2_ws/build/coordinate_transformer/test_coordinate_transformer" "--gtest_output=xml:/home/user/ros2_ws/build/coordinate_transformer/test_results/coordinate_transformer/test_coordinate_transformer.gtest.xml"
[0.032s] 1: Working Directory: /home/user/ros2_ws/build/coordinate_transformer
[0.032s] 1: Test timeout computed to be: 60
[0.080s] 1: -- run_test.py: invoking following command in '/home/user/ros2_ws/build/coordinate_transformer':
[0.080s] 1:  - /home/user/ros2_ws/build/coordinate_transformer/test_coordinate_transformer --gtest_output=xml:/home/user/ros2_ws/build/coordinate_transformer/test_results/coordinate_transformer/test_coordinate_transformer.gtest.xml
[0.097s] 1: [==========] Running 3 tests from 1 test suite.
[0.097s] 1: [----------] Global test environment set-up.
[0.097s] 1: [----------] 3 tests from CoordinateTransformerTest
[0.097s] 1: [ RUN      ] CoordinateTransformerTest.DirectTransformWithinBounds
[0.109s] 1: /home/user/ros2_ws/src/coordinate_transformer/test/test_coordinate_transformer.cpp:46: Failure
[0.109s] 1: Expected equality of these values:
[0.109s] 1:   status
[0.109s] 1:     Which is: 4-byte object <01-00 00-00>
[0.109s] 1:   ResultStatus::SUCCESS
[0.109s] 1:     Which is: 4-byte object <00-00 00-00>
[0.110s] 1: 
[0.110s] 1: /home/user/ros2_ws/src/coordinate_transformer/test/test_coordinate_transformer.cpp:47: Failure
[0.110s] 1: The difference between output.pose.position.x and 1.0 is 2, which exceeds 1e-6, where
[0.110s] 1: output.pose.position.x evaluates to -1,
[0.110s] 1: 1.0 evaluates to 1, and
[0.110s] 1: 1e-6 evaluates to 9.9999999999999995e-07.
[0.110s] 1: 
[0.110s] 1: /home/user/ros2_ws/src/coordinate_transformer/test/test_coordinate_transformer.cpp:48: Failure
[0.110s] 1: The difference between output.pose.position.y and 2.0 is 4, which exceeds 1e-6, where
[0.110s] 1: output.pose.position.y evaluates to -2,
[0.110s] 1: 2.0 evaluates to 2, and
[0.110s] 1: 1e-6 evaluates to 9.9999999999999995e-07.
[0.110s] 1: 
[0.110s] 1: /home/user/ros2_ws/src/coordinate_transformer/test/test_coordinate_transformer.cpp:49: Failure
[0.110s] 1: The difference between output.pose.position.z and 3.0 is 6, which exceeds 1e-6, where
[0.110s] 1: output.pose.position.z evaluates to -3,
[0.110s] 1: 3.0 evaluates to 3, and
[0.111s] 1: 1e-6 evaluates to 9.9999999999999995e-07.
[0.111s] 1: 
[0.111s] 1: [  FAILED  ] CoordinateTransformerTest.DirectTransformWithinBounds (14 ms)
[0.111s] 1: [ RUN      ] CoordinateTransformerTest.DirectTransformOutOfBounds
[0.116s] 1: [       OK ] CoordinateTransformerTest.DirectTransformOutOfBounds (5 ms)
[0.117s] 1: [ RUN      ] CoordinateTransformerTest.InverseTransform
[0.120s] 1: /home/user/ros2_ws/src/coordinate_transformer/test/test_coordinate_transformer.cpp:75: Failure
[0.120s] 1: Expected equality of these values:
[0.120s] 1:   s1
[0.120s] 1:     Which is: 4-byte object <01-00 00-00>
[0.120s] 1:   ResultStatus::SUCCESS
[0.120s] 1:     Which is: 4-byte object <00-00 00-00>
[0.120s] 1: 
[60.100s] 1/1 Test #1: test_coordinate_transformer ......***Timeout  60.07 sec
[60.100s] 
[60.100s] 0% tests passed[0;0m, [0;31m1 tests failed[0;0m out of 1
[60.100s] 
[60.100s] Label Time Summary:
[60.100s] gtest    =  60.07 sec*proc (1 test)
[60.100s] 
[60.100s] Total Test time (real) =  60.07 sec
[60.100s] 
[60.101s] The following tests FAILED:
[60.101s] 	[0;31m  1 - test_coordinate_transformer (Timeout)[0;0m
[60.101s] Errors while running CTest
[60.101s] Output from these tests are in: /home/user/ros2_ws/build/coordinate_transformer/Testing/Temporary/LastTest.log
[60.101s] Use "--rerun-failed --output-on-failure" to re-run the failed cases verbosely.
[60.104s] Invoked command in '/home/user/ros2_ws/build/coordinate_transformer' returned '8': DEBUGINFOD_URLS=https://debuginfod.ubuntu.com /usr/bin/ctest -C Release -D ExperimentalTest --no-compress-output -V --force-new-ctest-process -V
